<?xml version="1.0" encoding="UTF-8"?>
<testng-results skipped="0" failed="0" ignored="0" total="0" passed="0">
  <reporter-output>
  </reporter-output>
  <suite name="Surefire suite" duration-ms="3" started-at="2021-04-12T16:51:52Z" finished-at="2021-04-12T16:51:52Z">
    <groups>
    </groups>
    <test name="Surefire test" duration-ms="3" started-at="2021-04-12T16:51:52Z" finished-at="2021-04-12T16:51:52Z">
      <class name="com.globant.TestNGAnnotations">
        <test-method status="PASS" signature="beforeSuite()[pri:0, instance:com.globant.TestNGAnnotations@dfd3711]" name="beforeSuite" is-config="true" duration-ms="21" started-at="2021-04-12T16:51:52Z" finished-at="2021-04-12T16:51:52Z">
          <reporter-output>
          </reporter-output>
        </test-method> <!-- beforeSuite -->
      </class> <!-- com.globant.TestNGAnnotations -->
    </test> <!-- Surefire test -->
  </suite> <!-- Surefire suite -->
</testng-results>
